<?xml version="1.0" encoding="UTF-8" ?>
<testsuite failures="1" time="0.765" errors="0" skipped="32" tests="33" name="TestSuite">
  <properties>
    <property name="java.runtime.name" value="Java(TM) SE Runtime Environment"/>
    <property name="sun.boot.library.path" value="/Library/Java/JavaVirtualMachines/jdk1.7.0_45.jdk/Contents/Home/jre/lib"/>
    <property name="java.vm.version" value="24.45-b08"/>
    <property name="user.country.format" value="IN"/>
    <property name="gopherProxySet" value="false"/>
    <property name="java.vm.vendor" value="Oracle Corporation"/>
    <property name="java.vendor.url" value="http://java.oracle.com/"/>
    <property name="path.separator" value=":"/>
    <property name="guice.disable.misplaced.annotation.check" value="true"/>
    <property name="java.vm.name" value="Java HotSpot(TM) 64-Bit Server VM"/>
    <property name="file.encoding.pkg" value="sun.io"/>
    <property name="user.country" value="US"/>
    <property name="sun.java.launcher" value="SUN_STANDARD"/>
    <property name="sun.os.patch.level" value="unknown"/>
    <property name="java.vm.specification.name" value="Java Virtual Machine Specification"/>
    <property name="user.dir" value="/Users/synerzip/Himanshu/LRSworkspace/2.0"/>
    <property name="java.runtime.version" value="1.7.0_45-b18"/>
    <property name="java.awt.graphicsenv" value="sun.awt.CGraphicsEnvironment"/>
    <property name="java.endorsed.dirs" value="/Library/Java/JavaVirtualMachines/jdk1.7.0_45.jdk/Contents/Home/jre/lib/endorsed"/>
    <property name="os.arch" value="x86_64"/>
    <property name="java.io.tmpdir" value="/var/folders/w_/8yz1ynfd1t105vfhtg99x6sm0000gp/T/"/>
    <property name="line.separator" value="
"/>
    <property name="java.vm.specification.vendor" value="Oracle Corporation"/>
    <property name="os.name" value="Mac OS X"/>
    <property name="classworlds.conf" value="/Users/synerzip/Himanshu/LRSworkspace/.metadata/.plugins/org.eclipse.m2e.launching/launches/m2conf1617031408953877693.tmp"/>
    <property name="sun.jnu.encoding" value="UTF-8"/>
    <property name="java.library.path" value="/Users/synerzip/Library/Java/Extensions:/Library/Java/Extensions:/Network/Library/Java/Extensions:/System/Library/Java/Extensions:/usr/lib/java:."/>
    <property name="java.specification.name" value="Java Platform API Specification"/>
    <property name="java.class.version" value="51.0"/>
    <property name="sun.management.compiler" value="HotSpot 64-Bit Tiered Compilers"/>
    <property name="os.version" value="10.9.2"/>
    <property name="http.nonProxyHosts" value="local|*.local|169.254/16|*.169.254/16"/>
    <property name="user.home" value="/Users/synerzip"/>
    <property name="user.timezone" value="Asia/Kolkata"/>
    <property name="java.awt.printerjob" value="sun.lwawt.macosx.CPrinterJob"/>
    <property name="java.specification.version" value="1.7"/>
    <property name="file.encoding" value="US-ASCII"/>
    <property name="user.name" value="synerzip"/>
    <property name="java.class.path" value="/Users/synerzip/Himanshu/eclipseSimple/eclipse/plugins/org.eclipse.m2e.maven.runtime_1.5.0.20140605-2032/jars/plexus-classworlds-2.5.1.jar"/>
    <property name="org.slf4j.simpleLogger.defaultLogLevel" value="info"/>
    <property name="java.vm.specification.version" value="1.7"/>
    <property name="sun.arch.data.model" value="64"/>
    <property name="java.home" value="/Library/Java/JavaVirtualMachines/jdk1.7.0_45.jdk/Contents/Home/jre"/>
    <property name="sun.java.command" value="org.codehaus.plexus.classworlds.launcher.Launcher -B test"/>
    <property name="java.specification.vendor" value="Oracle Corporation"/>
    <property name="user.language" value="en"/>
    <property name="awt.toolkit" value="sun.lwawt.macosx.LWCToolkit"/>
    <property name="java.vm.info" value="mixed mode"/>
    <property name="java.version" value="1.7.0_45"/>
    <property name="java.ext.dirs" value="/Users/synerzip/Library/Java/Extensions:/Library/Java/JavaVirtualMachines/jdk1.7.0_45.jdk/Contents/Home/jre/lib/ext:/Library/Java/Extensions:/Network/Library/Java/Extensions:/System/Library/Java/Extensions:/usr/lib/java"/>
    <property name="sun.boot.class.path" value="/Library/Java/JavaVirtualMachines/jdk1.7.0_45.jdk/Contents/Home/jre/lib/resources.jar:/Library/Java/JavaVirtualMachines/jdk1.7.0_45.jdk/Contents/Home/jre/lib/rt.jar:/Library/Java/JavaVirtualMachines/jdk1.7.0_45.jdk/Contents/Home/jre/lib/sunrsasign.jar:/Library/Java/JavaVirtualMachines/jdk1.7.0_45.jdk/Contents/Home/jre/lib/jsse.jar:/Library/Java/JavaVirtualMachines/jdk1.7.0_45.jdk/Contents/Home/jre/lib/jce.jar:/Library/Java/JavaVirtualMachines/jdk1.7.0_45.jdk/Contents/Home/jre/lib/charsets.jar:/Library/Java/JavaVirtualMachines/jdk1.7.0_45.jdk/Contents/Home/jre/lib/jfr.jar:/Library/Java/JavaVirtualMachines/jdk1.7.0_45.jdk/Contents/Home/jre/lib/JObjC.jar:/Library/Java/JavaVirtualMachines/jdk1.7.0_45.jdk/Contents/Home/jre/classes"/>
    <property name="java.vendor" value="Oracle Corporation"/>
    <property name="maven.home" value="/Users/synerzip/Himanshu/LRSworkspace/2.0/EMBEDDED"/>
    <property name="file.separator" value="/"/>
    <property name="java.vendor.url.bug" value="http://bugreport.sun.com/bugreport/"/>
    <property name="sun.cpu.endian" value="little"/>
    <property name="sun.io.unicode.encoding" value="UnicodeBig"/>
    <property name="socksNonProxyHosts" value="local|*.local|169.254/16|*.169.254/16"/>
    <property name="ftp.nonProxyHosts" value="local|*.local|169.254/16|*.169.254/16"/>
    <property name="sun.cpu.isalist" value=""/>
  </properties>
  <testcase time="0" classname="LRS2_0.runTests" name="initTest">
    <failure type="java.lang.NumberFormatException:">java.lang.NumberFormatException: null
	at java.lang.Long.parseLong(Long.java:404)
	at java.lang.Long.parseLong(Long.java:483)
	at LRS2_0.Reader.setlongWaitTime(Reader.java:426)
	at LRS2_0.Reader.timeouts(Reader.java:617)
	at LRS2_0.Reader.&lt;init&gt;(Reader.java:321)
	at LRS2_0.runTests.initTest(runTests.java:29)
</failure>
    <system-out>inside @BeforeMethod
</system-out>
    <system-err>java.io.FileNotFoundException: loginCredentials.properties (No such file or directory)
	at java.io.FileInputStream.open(Native Method)
	at java.io.FileInputStream.&lt;init&gt;(FileInputStream.java:146)
	at java.io.FileInputStream.&lt;init&gt;(FileInputStream.java:101)
	at LRS2_0.Reader.logincredentials(Reader.java:629)
	at LRS2_0.Reader.&lt;init&gt;(Reader.java:320)
	at LRS2_0.runTests.initTest(runTests.java:29)
	at sun.reflect.NativeMethodAccessorImpl.invoke0(Native Method)
	at sun.reflect.NativeMethodAccessorImpl.invoke(NativeMethodAccessorImpl.java:57)
	at sun.reflect.DelegatingMethodAccessorImpl.invoke(DelegatingMethodAccessorImpl.java:43)
	at java.lang.reflect.Method.invoke(Method.java:606)
	at org.testng.internal.MethodInvocationHelper.invokeMethod(MethodInvocationHelper.java:84)
	at org.testng.internal.Invoker.invokeConfigurationMethod(Invoker.java:564)
	at org.testng.internal.Invoker.invokeConfigurations(Invoker.java:213)
	at org.testng.internal.Invoker.invokeMethod(Invoker.java:653)
	at org.testng.internal.Invoker.invokeTestMethod(Invoker.java:901)
	at org.testng.internal.Invoker.invokeTestMethods(Invoker.java:1231)
	at org.testng.internal.TestMethodWorker.invokeTestMethods(TestMethodWorker.java:127)
	at org.testng.internal.TestMethodWorker.run(TestMethodWorker.java:111)
	at org.testng.TestRunner.privateRun(TestRunner.java:767)
	at org.testng.TestRunner.run(TestRunner.java:617)
	at org.testng.SuiteRunner.runTest(SuiteRunner.java:334)
	at org.testng.SuiteRunner.runSequentially(SuiteRunner.java:329)
	at org.testng.SuiteRunner.privateRun(SuiteRunner.java:291)
	at org.testng.SuiteRunner.run(SuiteRunner.java:240)
	at org.testng.SuiteRunnerWorker.runSuite(SuiteRunnerWorker.java:52)
	at org.testng.SuiteRunnerWorker.run(SuiteRunnerWorker.java:86)
	at org.testng.TestNG.runSuitesSequentially(TestNG.java:1224)
	at org.testng.TestNG.runSuitesLocally(TestNG.java:1149)
	at org.testng.TestNG.run(TestNG.java:1057)
	at org.apache.maven.surefire.testng.TestNGExecutor.run(TestNGExecutor.java:122)
	at org.apache.maven.surefire.testng.TestNGXmlTestSuite.execute(TestNGXmlTestSuite.java:92)
	at org.apache.maven.surefire.testng.TestNGProvider.invoke(TestNGProvider.java:101)
	at sun.reflect.NativeMethodAccessorImpl.invoke0(Native Method)
	at sun.reflect.NativeMethodAccessorImpl.invoke(NativeMethodAccessorImpl.java:57)
	at sun.reflect.DelegatingMethodAccessorImpl.invoke(DelegatingMethodAccessorImpl.java:43)
	at java.lang.reflect.Method.invoke(Method.java:606)
	at org.apache.maven.surefire.util.ReflectionUtils.invokeMethodWithArray(ReflectionUtils.java:164)
	at org.apache.maven.surefire.booter.ProviderFactory$ProviderProxy.invoke(ProviderFactory.java:110)
	at org.apache.maven.surefire.booter.SurefireStarter.invokeProvider(SurefireStarter.java:172)
	at org.apache.maven.surefire.booter.SurefireStarter.runSuitesInProcessWhenForked(SurefireStarter.java:104)
	at org.apache.maven.surefire.booter.ForkedBooter.main(ForkedBooter.java:70)
java.io.FileNotFoundException: loginCredentials.properties (No such file or directory)
	at java.io.FileInputStream.open(Native Method)
	at java.io.FileInputStream.&lt;init&gt;(FileInputStream.java:146)
	at java.io.FileInputStream.&lt;init&gt;(FileInputStream.java:101)
	at LRS2_0.Reader.timeouts(Reader.java:607)
	at LRS2_0.Reader.&lt;init&gt;(Reader.java:321)
	at LRS2_0.runTests.initTest(runTests.java:29)
	at sun.reflect.NativeMethodAccessorImpl.invoke0(Native Method)
	at sun.reflect.NativeMethodAccessorImpl.invoke(NativeMethodAccessorImpl.java:57)
	at sun.reflect.DelegatingMethodAccessorImpl.invoke(DelegatingMethodAccessorImpl.java:43)
	at java.lang.reflect.Method.invoke(Method.java:606)
	at org.testng.internal.MethodInvocationHelper.invokeMethod(MethodInvocationHelper.java:84)
	at org.testng.internal.Invoker.invokeConfigurationMethod(Invoker.java:564)
	at org.testng.internal.Invoker.invokeConfigurations(Invoker.java:213)
	at org.testng.internal.Invoker.invokeMethod(Invoker.java:653)
	at org.testng.internal.Invoker.invokeTestMethod(Invoker.java:901)
	at org.testng.internal.Invoker.invokeTestMethods(Invoker.java:1231)
	at org.testng.internal.TestMethodWorker.invokeTestMethods(TestMethodWorker.java:127)
	at org.testng.internal.TestMethodWorker.run(TestMethodWorker.java:111)
	at org.testng.TestRunner.privateRun(TestRunner.java:767)
	at org.testng.TestRunner.run(TestRunner.java:617)
	at org.testng.SuiteRunner.runTest(SuiteRunner.java:334)
	at org.testng.SuiteRunner.runSequentially(SuiteRunner.java:329)
	at org.testng.SuiteRunner.privateRun(SuiteRunner.java:291)
	at org.testng.SuiteRunner.run(SuiteRunner.java:240)
	at org.testng.SuiteRunnerWorker.runSuite(SuiteRunnerWorker.java:52)
	at org.testng.SuiteRunnerWorker.run(SuiteRunnerWorker.java:86)
	at org.testng.TestNG.runSuitesSequentially(TestNG.java:1224)
	at org.testng.TestNG.runSuitesLocally(TestNG.java:1149)
	at org.testng.TestNG.run(TestNG.java:1057)
	at org.apache.maven.surefire.testng.TestNGExecutor.run(TestNGExecutor.java:122)
	at org.apache.maven.surefire.testng.TestNGXmlTestSuite.execute(TestNGXmlTestSuite.java:92)
	at org.apache.maven.surefire.testng.TestNGProvider.invoke(TestNGProvider.java:101)
	at sun.reflect.NativeMethodAccessorImpl.invoke0(Native Method)
	at sun.reflect.NativeMethodAccessorImpl.invoke(NativeMethodAccessorImpl.java:57)
	at sun.reflect.DelegatingMethodAccessorImpl.invoke(DelegatingMethodAccessorImpl.java:43)
	at java.lang.reflect.Method.invoke(Method.java:606)
	at org.apache.maven.surefire.util.ReflectionUtils.invokeMethodWithArray(ReflectionUtils.java:164)
	at org.apache.maven.surefire.booter.ProviderFactory$ProviderProxy.invoke(ProviderFactory.java:110)
	at org.apache.maven.surefire.booter.SurefireStarter.invokeProvider(SurefireStarter.java:172)
	at org.apache.maven.surefire.booter.SurefireStarter.runSuitesInProcessWhenForked(SurefireStarter.java:104)
	at org.apache.maven.surefire.booter.ForkedBooter.main(ForkedBooter.java:70)
</system-err>
  </testcase>
  <testcase time="0" classname="LRS2_0.runTests" name="WEB_1257">
    <skipped/>
  </testcase>
  <testcase time="0" classname="LRS2_0.runTests" name="cleanupTest">
    <skipped/>
  </testcase>
  <testcase time="0" classname="LRS2_0.runTests" name="initTest">
    <skipped/>
  </testcase>
  <testcase time="0" classname="LRS2_0.runTests" name="WEB_1259">
    <skipped/>
  </testcase>
  <testcase time="0" classname="LRS2_0.runTests" name="cleanupTest">
    <skipped/>
  </testcase>
  <testcase time="0.001" classname="LRS2_0.runTests" name="initTest">
    <skipped/>
  </testcase>
  <testcase time="0" classname="LRS2_0.runTests" name="WEB_1260">
    <skipped/>
  </testcase>
  <testcase time="0" classname="LRS2_0.runTests" name="cleanupTest">
    <skipped/>
  </testcase>
  <testcase time="0.001" classname="LRS2_0.runTests" name="initTest">
    <skipped/>
  </testcase>
  <testcase time="0.001" classname="LRS2_0.runTests" name="WEB_1262">
    <skipped/>
  </testcase>
  <testcase time="0.001" classname="LRS2_0.runTests" name="cleanupTest">
    <skipped/>
  </testcase>
  <testcase time="0.002" classname="LRS2_0.runTests" name="initTest">
    <skipped/>
  </testcase>
  <testcase time="0.001" classname="LRS2_0.runTests" name="WEB_1263">
    <skipped/>
  </testcase>
  <testcase time="0.001" classname="LRS2_0.runTests" name="cleanupTest">
    <skipped/>
  </testcase>
  <testcase time="0.002" classname="LRS2_0.runTests" name="initTest">
    <skipped/>
  </testcase>
  <testcase time="0" classname="LRS2_0.runTests" name="WEB_1264">
    <skipped/>
  </testcase>
  <testcase time="0.001" classname="LRS2_0.runTests" name="cleanupTest">
    <skipped/>
  </testcase>
  <testcase time="0.002" classname="LRS2_0.runTests" name="initTest">
    <skipped/>
  </testcase>
  <testcase time="0" classname="LRS2_0.runTests" name="WEB_1273">
    <skipped/>
  </testcase>
  <testcase time="0.001" classname="LRS2_0.runTests" name="cleanupTest">
    <skipped/>
  </testcase>
  <testcase time="0.002" classname="LRS2_0.runTests" name="initTest">
    <skipped/>
  </testcase>
  <testcase time="0" classname="LRS2_0.runTests" name="WEB_1758">
    <skipped/>
  </testcase>
  <testcase time="0" classname="LRS2_0.runTests" name="cleanupTest">
    <skipped/>
  </testcase>
  <testcase time="0.002" classname="LRS2_0.runTests" name="initTest">
    <skipped/>
  </testcase>
  <testcase time="0" classname="LRS2_0.runTests" name="WEB_1759">
    <skipped/>
  </testcase>
  <testcase time="0" classname="LRS2_0.runTests" name="cleanupTest">
    <skipped/>
  </testcase>
  <testcase time="0.002" classname="LRS2_0.runTests" name="initTest">
    <skipped/>
  </testcase>
  <testcase time="0" classname="LRS2_0.runTests" name="WEB_1760">
    <skipped/>
  </testcase>
  <testcase time="0" classname="LRS2_0.runTests" name="cleanupTest">
    <skipped/>
  </testcase>
  <testcase time="0.002" classname="LRS2_0.runTests" name="initTest">
    <skipped/>
  </testcase>
  <testcase time="0" classname="LRS2_0.runTests" name="WEB_1762">
    <skipped/>
  </testcase>
  <testcase time="0.001" classname="LRS2_0.runTests" name="cleanupTest">
    <skipped/>
  </testcase>
</testsuite>