<?xml version="1.0" encoding="UTF-8"?>
<!-- Generated by org.testng.reporters.JUnitXMLReporter -->
<testsuite hostname="ULTP_107" name="LRS2.0_AllTests" tests="15" failures="1" timestamp="20 Aug 2014 11:57:06 GMT" time="2245.902" errors="0">
  <testcase name="WEB_1764" time="53.945" classname="LRS2_0.runTests"/>
  <testcase name="WEB_1775" time="47.851" classname="LRS2_0.runTests"/>
  <testcase name="WEB_1824" time="66.544" classname="LRS2_0.runTests"/>
  <testcase name="WEB_1827__WEB_1828__WEB_1955__WEB_1953__WEB_1954__WEB_1984__WEB_1964__WEB_1968" time="232.239" classname="LRS2_0.runTests"/>
  <testcase name="WEB_1959" time="87.455" classname="LRS2_0.runTests"/>
  <testcase name="WEB_1963__WEB_1969__WEB_1970__WEB_1948__WEB_1990__WEB_1991" time="297.95" classname="LRS2_0.runTests"/>
  <testcase name="WEB_1989__WEB_1994" time="140.566" classname="LRS2_0.runTests"/>
  <testcase name="WEB_1281" time="242.571" classname="LRS2_0.runTests"/>
  <testcase name="WEB_1282" time="74.308" classname="LRS2_0.runTests"/>
  <testcase name="WEB_1655__WEB_1656" time="16.214" classname="LRS2_0.runTests"/>
  <testcase name="WEB_1287" time="229.717" classname="LRS2_0.runTests"/>
  <testcase name="WEB_1292" time="318.322" classname="LRS2_0.runTests"/>
  <testcase name="WEB_1371__WEB_1383__WEB_1390" time="153.687" classname="LRS2_0.runTests"/>
  <testcase name="WEB_1396" time="86.207" classname="LRS2_0.runTests"/>
  <testcase name="WEB_2164" time="126.826" classname="LRS2_0.runTests">
    <failure type="org.openqa.selenium.ElementNotVisibleException" message="Element is not currently visible and so may not be interacted with
Command duration or timeout: 6 milliseconds
Build info: version: &amp;apos;2.42.2&amp;apos;, revision: &amp;apos;6a6995d31c7c56c340d6f45a76976d43506cd6cc&amp;apos;, time: &amp;apos;2014-06-03 10:52:47&amp;apos;
System info: host: &amp;apos;ULTP_107&amp;apos;, ip: &amp;apos;172.25.23.50&amp;apos;, os.name: &amp;apos;Windows 7&amp;apos;, os.arch: &amp;apos;amd64&amp;apos;, os.version: &amp;apos;6.1&amp;apos;, java.version: &amp;apos;1.8.0_05&amp;apos;
Driver info: org.openqa.selenium.firefox.FirefoxDriver
Capabilities [{applicationCacheEnabled=true, rotatable=false, handlesAlerts=true, databaseEnabled=true, version=31.0, platform=XP, nativeEvents=false, acceptSslCerts=true, webStorageEnabled=true, locationContextEnabled=true, browserName=firefox, takesScreenshot=true, javascriptEnabled=true, cssSelectorsEnabled=true}]
Session ID: 86d3bdec-3d51-41fe-893f-a05550583898">
      <![CDATA[org.openqa.selenium.ElementNotVisibleException: Element is not currently visible and so may not be interacted with
Command duration or timeout: 6 milliseconds
Build info: version: '2.42.2', revision: '6a6995d31c7c56c340d6f45a76976d43506cd6cc', time: '2014-06-03 10:52:47'
System info: host: 'ULTP_107', ip: '172.25.23.50', os.name: 'Windows 7', os.arch: 'amd64', os.version: '6.1', java.version: '1.8.0_05'
Driver info: org.openqa.selenium.firefox.FirefoxDriver
Capabilities [{applicationCacheEnabled=true, rotatable=false, handlesAlerts=true, databaseEnabled=true, version=31.0, platform=XP, nativeEvents=false, acceptSslCerts=true, webStorageEnabled=true, locationContextEnabled=true, browserName=firefox, takesScreenshot=true, javascriptEnabled=true, cssSelectorsEnabled=true}]
Session ID: 86d3bdec-3d51-41fe-893f-a05550583898
	at org.openqa.selenium.remote.ErrorHandler.createThrowable(ErrorHandler.java:204)
	at org.openqa.selenium.remote.ErrorHandler.throwIfResponseFailed(ErrorHandler.java:156)
	at org.openqa.selenium.remote.RemoteWebDriver.execute(RemoteWebDriver.java:599)
	at org.openqa.selenium.remote.RemoteWebElement.execute(RemoteWebElement.java:268)
	at org.openqa.selenium.remote.RemoteWebElement.sendKeys(RemoteWebElement.java:89)
	at LRS2_0.helperFunctions.typeText(helperFunctions.java:740)
	at LRS2_0.runTests.WEB_2164(runTests.java:1641)
Caused by: org.openqa.selenium.remote.ErrorHandler$UnknownServerException: Element is not currently visible and so may not be interacted with
Build info: version: '2.42.2', revision: '6a6995d31c7c56c340d6f45a76976d43506cd6cc', time: '2014-06-03 10:52:47'
System info: host: 'ULTP_107', ip: '172.25.23.50', os.name: 'Windows 7', os.arch: 'amd64', os.version: '6.1', java.version: '1.8.0_05'
Driver info: driver.version: unknown
	at <anonymous class>.fxdriver.preconditions.visible(file:///C:/Users/HIMANS~1/AppData/Local/Temp/anonymous5135276456031880346webdriver-profile/extensions/fxdriver@googlecode.com/components/command_processor.js:8791:5)
	at <anonymous class>.DelayedCommand.prototype.checkPreconditions_(file:///C:/Users/HIMANS~1/AppData/Local/Temp/anonymous5135276456031880346webdriver-profile/extensions/fxdriver@googlecode.com/components/command_processor.js:11438:1)
	at <anonymous class>.DelayedCommand.prototype.executeInternal_/h(file:///C:/Users/HIMANS~1/AppData/Local/Temp/anonymous5135276456031880346webdriver-profile/extensions/fxdriver@googlecode.com/components/command_processor.js:11455:11)
	at <anonymous class>.DelayedCommand.prototype.executeInternal_(file:///C:/Users/HIMANS~1/AppData/Local/Temp/anonymous5135276456031880346webdriver-profile/extensions/fxdriver@googlecode.com/components/command_processor.js:11460:7)
	at <anonymous class>.DelayedCommand.prototype.execute/<(file:///C:/Users/HIMANS~1/AppData/Local/Temp/anonymous5135276456031880346webdriver-profile/extensions/fxdriver@googlecode.com/components/command_processor.js:11402:5)
... Removed 28 stack frames]]>
    </failure>
  </testcase> <!-- WEB_2164 -->
</testsuite> <!-- LRS2.0_AllTests -->
