<?xml version="1.0" encoding="UTF-8"?>
<!-- Generated by org.testng.reporters.JUnitXMLReporter -->
<testsuite hostname="imac-24.local" name="LRS2.0_AllTests" tests="11" failures="7" timestamp="7 Aug 2014 02:06:48 GMT" time="48209.979" errors="0">
  <testcase name="WEB_1257" time="98.162" classname="LRS2_0.runTests">
    <failure type="org.openqa.selenium.NoSuchElementException" message="Could not find element: {&amp;quot;using&amp;quot;:&amp;quot;xpath&amp;quot;,&amp;quot;value&amp;quot;:&amp;quot;//button[(contains(@style,&amp;apos;inline-block&amp;apos;)) and (text()=&amp;apos;Save&amp;apos;)]&amp;quot;} (WARNING: The server did not provide any stacktrace information)
Command duration or timeout: 10.11 seconds
For documentation on this error, please visit: http://seleniumhq.org/exceptions/no_such_element.html
Build info: version: &amp;apos;2.42.2&amp;apos;, revision: &amp;apos;6a6995d31c7c56c340d6f45a76976d43506cd6cc&amp;apos;, time: &amp;apos;2014-06-03 10:52:47&amp;apos;
System info: host: &amp;apos;imac-24.local&amp;apos;, ip: &amp;apos;172.25.35.16&amp;apos;, os.name: &amp;apos;Mac OS X&amp;apos;, os.arch: &amp;apos;x86_64&amp;apos;, os.version: &amp;apos;10.9.2&amp;apos;, java.version: &amp;apos;1.7.0_45&amp;apos;
Session ID: null
Driver info: org.openqa.selenium.safari.SafariDriver
Capabilities [{platform=MAC, cssSelectorsEnabled=true, javascriptEnabled=true, secureSsl=true, browserName=safari, takesScreenshot=true, version=7.0.3}]">
      <![CDATA[org.openqa.selenium.NoSuchElementException: Could not find element: {"using":"xpath","value":"//button[(contains(@style,'inline-block')) and (text()='Save')]"} (WARNING: The server did not provide any stacktrace information)
Command duration or timeout: 10.11 seconds
For documentation on this error, please visit: http://seleniumhq.org/exceptions/no_such_element.html
Build info: version: '2.42.2', revision: '6a6995d31c7c56c340d6f45a76976d43506cd6cc', time: '2014-06-03 10:52:47'
System info: host: 'imac-24.local', ip: '172.25.35.16', os.name: 'Mac OS X', os.arch: 'x86_64', os.version: '10.9.2', java.version: '1.7.0_45'
Session ID: null
Driver info: org.openqa.selenium.safari.SafariDriver
Capabilities [{platform=MAC, cssSelectorsEnabled=true, javascriptEnabled=true, secureSsl=true, browserName=safari, takesScreenshot=true, version=7.0.3}]
	at org.openqa.selenium.remote.ErrorHandler.createThrowable(ErrorHandler.java:204)
	at org.openqa.selenium.remote.ErrorHandler.throwIfResponseFailed(ErrorHandler.java:156)
	at org.openqa.selenium.remote.RemoteWebDriver.execute(RemoteWebDriver.java:599)
	at org.openqa.selenium.remote.RemoteWebDriver.findElement(RemoteWebDriver.java:352)
	at org.openqa.selenium.remote.RemoteWebDriver.findElementByXPath(RemoteWebDriver.java:449)
	at org.openqa.selenium.By$ByXPath.findElement(By.java:357)
	at org.openqa.selenium.remote.RemoteWebDriver.findElement(RemoteWebDriver.java:344)
	at LRS2_0.helperFunctions.clickUsingJS(helperFunctions.java:465)
	at LRS2_0.helperFunctions.click(helperFunctions.java:148)
	at LRS2_0.helperFunctions.addLocation(helperFunctions.java:301)
	at LRS2_0.runTests.WEB_1257(runTests.java:158)
... Removed 36 stack frames]]>
    </failure>
  </testcase> <!-- WEB_1257 -->
  <testcase name="WEB_1259" time="8.738" classname="LRS2_0.runTests"/>
  <testcase name="WEB_1260" time="11.625" classname="LRS2_0.runTests"/>
  <testcase name="WEB_1262" time="73.169" classname="LRS2_0.runTests">
    <failure type="java.lang.AssertionError" message="expected [true] but found [false]">
      <![CDATA[java.lang.AssertionError: expected [true] but found [false]
	at LRS2_0.runTests.WEB_1262(runTests.java:295)
... Removed 37 stack frames]]>
    </failure>
  </testcase> <!-- WEB_1262 -->
  <testcase name="WEB_1263" time="70.211" classname="LRS2_0.runTests">
    <failure type="org.openqa.selenium.TimeoutException" message="Timed out after 60 seconds while waiting for Ajax to complete.
Build info: version: &amp;apos;2.42.2&amp;apos;, revision: &amp;apos;6a6995d31c7c56c340d6f45a76976d43506cd6cc&amp;apos;, time: &amp;apos;2014-06-03 10:52:47&amp;apos;
System info: host: &amp;apos;imac-24.local&amp;apos;, ip: &amp;apos;172.25.35.16&amp;apos;, os.name: &amp;apos;Mac OS X&amp;apos;, os.arch: &amp;apos;x86_64&amp;apos;, os.version: &amp;apos;10.9.2&amp;apos;, java.version: &amp;apos;1.7.0_45&amp;apos;
Driver info: driver.version: unknown">
      <![CDATA[org.openqa.selenium.TimeoutException: Timed out after 60 seconds while waiting for Ajax to complete.
Build info: version: '2.42.2', revision: '6a6995d31c7c56c340d6f45a76976d43506cd6cc', time: '2014-06-03 10:52:47'
System info: host: 'imac-24.local', ip: '172.25.35.16', os.name: 'Mac OS X', os.arch: 'x86_64', os.version: '10.9.2', java.version: '1.7.0_45'
Driver info: driver.version: unknown
	at LRS2_0.helperFunctions.waitForAjaxRefresh(helperFunctions.java:100)
	at LRS2_0.helperFunctions.login(helperFunctions.java:490)
	at LRS2_0.runTests.WEB_1263(runTests.java:313)
... Removed 33 stack frames]]>
    </failure>
  </testcase> <!-- WEB_1263 -->
  <testcase name="WEB_1264" time="65.086" classname="LRS2_0.runTests">
    <failure type="org.openqa.selenium.TimeoutException" message="Timed out after 60 seconds while waiting for Ajax to complete.
Build info: version: &amp;apos;2.42.2&amp;apos;, revision: &amp;apos;6a6995d31c7c56c340d6f45a76976d43506cd6cc&amp;apos;, time: &amp;apos;2014-06-03 10:52:47&amp;apos;
System info: host: &amp;apos;imac-24.local&amp;apos;, ip: &amp;apos;172.25.35.16&amp;apos;, os.name: &amp;apos;Mac OS X&amp;apos;, os.arch: &amp;apos;x86_64&amp;apos;, os.version: &amp;apos;10.9.2&amp;apos;, java.version: &amp;apos;1.7.0_45&amp;apos;
Driver info: driver.version: unknown">
      <![CDATA[org.openqa.selenium.TimeoutException: Timed out after 60 seconds while waiting for Ajax to complete.
Build info: version: '2.42.2', revision: '6a6995d31c7c56c340d6f45a76976d43506cd6cc', time: '2014-06-03 10:52:47'
System info: host: 'imac-24.local', ip: '172.25.35.16', os.name: 'Mac OS X', os.arch: 'x86_64', os.version: '10.9.2', java.version: '1.7.0_45'
Driver info: driver.version: unknown
	at LRS2_0.helperFunctions.waitForAjaxRefresh(helperFunctions.java:100)
	at LRS2_0.helperFunctions.login(helperFunctions.java:490)
	at LRS2_0.runTests.WEB_1264(runTests.java:349)
... Removed 33 stack frames]]>
    </failure>
  </testcase> <!-- WEB_1264 -->
  <testcase name="WEB_1273" time="47641.737" classname="LRS2_0.runTests">
    <failure type="org.openqa.selenium.remote.UnreachableBrowserException" message="Error communicating with the remote browser. It may have died.
Build info: version: &amp;apos;2.42.2&amp;apos;, revision: &amp;apos;6a6995d31c7c56c340d6f45a76976d43506cd6cc&amp;apos;, time: &amp;apos;2014-06-03 10:52:47&amp;apos;
System info: host: &amp;apos;imac-24.local&amp;apos;, ip: &amp;apos;172.25.35.16&amp;apos;, os.name: &amp;apos;Mac OS X&amp;apos;, os.arch: &amp;apos;x86_64&amp;apos;, os.version: &amp;apos;10.9.2&amp;apos;, java.version: &amp;apos;1.7.0_45&amp;apos;
Driver info: driver.version: RemoteWebDriver">
      <![CDATA[org.openqa.selenium.remote.UnreachableBrowserException: Error communicating with the remote browser. It may have died.
Build info: version: '2.42.2', revision: '6a6995d31c7c56c340d6f45a76976d43506cd6cc', time: '2014-06-03 10:52:47'
System info: host: 'imac-24.local', ip: '172.25.35.16', os.name: 'Mac OS X', os.arch: 'x86_64', os.version: '10.9.2', java.version: '1.7.0_45'
Driver info: driver.version: RemoteWebDriver
	at org.openqa.selenium.remote.RemoteWebDriver.execute(RemoteWebDriver.java:593)
	at org.openqa.selenium.remote.RemoteWebDriver.get(RemoteWebDriver.java:304)
	at LRS2_0.AccountOwner.login(AccountOwner.java:21)
	at LRS2_0.runTests.WEB_1273(runTests.java:370)
Caused by: org.openqa.selenium.safari.ConnectionClosedException: The underlying channel was closed
Build info: version: '2.42.2', revision: '6a6995d31c7c56c340d6f45a76976d43506cd6cc', time: '2014-06-03 10:52:47'
System info: host: 'imac-24.local', ip: '172.25.35.16', os.name: 'Mac OS X', os.arch: 'x86_64', os.version: '10.9.2', java.version: '1.7.0_45'
Driver info: driver.version: unknown
	at org.openqa.selenium.safari.WebSocketConnection$2.operationComplete(WebSocketConnection.java:79)
	at org.jboss.netty.channel.DefaultChannelFuture.notifyListener(DefaultChannelFuture.java:428)
	at org.jboss.netty.channel.DefaultChannelFuture.notifyListeners(DefaultChannelFuture.java:419)
	at org.jboss.netty.channel.DefaultChannelFuture.setSuccess(DefaultChannelFuture.java:363)
	at org.jboss.netty.channel.AbstractChannel$ChannelCloseFuture.setClosed(AbstractChannel.java:353)
	at org.jboss.netty.channel.AbstractChannel.setClosed(AbstractChannel.java:183)
	at org.jboss.netty.channel.socket.nio.AbstractNioChannel.setClosed(AbstractNioChannel.java:200)
	at org.jboss.netty.channel.socket.nio.NioSocketChannel.setClosed(NioSocketChannel.java:85)
	at org.jboss.netty.channel.socket.nio.AbstractNioWorker.close(AbstractNioWorker.java:613)
	at org.jboss.netty.channel.socket.nio.NioWorker.read(NioWorker.java:98)
	at org.jboss.netty.channel.socket.nio.AbstractNioWorker.processSelectedKeys(AbstractNioWorker.java:373)
	at org.jboss.netty.channel.socket.nio.AbstractNioWorker.run(AbstractNioWorker.java:247)
	at org.jboss.netty.channel.socket.nio.NioWorker.run(NioWorker.java:35)
	at org.jboss.netty.util.ThreadRenamingRunnable.run(ThreadRenamingRunnable.java:102)
	at org.jboss.netty.util.internal.DeadLockProofWorker$1.run(DeadLockProofWorker.java:42)
	at java.util.concurrent.ThreadPoolExecutor.runWorker(ThreadPoolExecutor.java:1145)
	at java.util.concurrent.ThreadPoolExecutor$Worker.run(ThreadPoolExecutor.java:615)
	at java.lang.Thread.run(Thread.java:744)
... Removed 33 stack frames]]>
    </failure>
  </testcase> <!-- WEB_1273 -->
  <testcase name="WEB_1758" time="22.934" classname="LRS2_0.runTests"/>
  <testcase name="WEB_1759" time="10.095" classname="LRS2_0.runTests"/>
  <testcase name="WEB_1760" time="14.646" classname="LRS2_0.runTests">
    <failure type="java.lang.ArrayIndexOutOfBoundsException" message="2">
      <![CDATA[java.lang.ArrayIndexOutOfBoundsException: 2
	at LRS2_0.helperFunctions.checkAccountOwnerAndManagerMenus(helperFunctions.java:862)
	at LRS2_0.runTests.WEB_1760(runTests.java:405)
... Removed 33 stack frames]]>
    </failure>
  </testcase> <!-- WEB_1760 -->
  <testcase name="WEB_1762" time="15.289" classname="LRS2_0.runTests">
    <failure type="java.lang.AssertionError" message="Arrays not equal: [Locations, Users] and [, null]">
      <![CDATA[java.lang.AssertionError: Arrays not equal: [Locations, Users] and [, null]
	at LRS2_0.helperFunctions.checkAccountOwnerAndManagerMenus(helperFunctions.java:867)
	at LRS2_0.runTests.WEB_1762(runTests.java:418)
... Removed 37 stack frames]]>
    </failure>
  </testcase> <!-- WEB_1762 -->
</testsuite> <!-- LRS2.0_AllTests -->
